2024-04-27T10:51:36.255+05:30  INFO 24920 --- [feedIndia] [restartedMain] com.cts.feedIndia.FeedIndiaApplication   : Starting FeedIndiaApplication using Java 17.0.2 with PID 24920 (C:\Users\2322550\OneDrive - Cognizant\Desktop\feedIndia-final\feedIndia-final\target\classes started by 2322550 in C:\Users\2322550\OneDrive - Cognizant\Desktop\feedIndia-final\feedIndia-final)
2024-04-27T10:51:36.275+05:30 DEBUG 24920 --- [feedIndia] [restartedMain] com.cts.feedIndia.FeedIndiaApplication   : Running with Spring Boot v3.2.3, Spring v6.1.4
2024-04-27T10:51:36.277+05:30  INFO 24920 --- [feedIndia] [restartedMain] com.cts.feedIndia.FeedIndiaApplication   : No active profile set, falling back to 1 default profile: "default"
2024-04-27T10:51:36.393+05:30  INFO 24920 --- [feedIndia] [restartedMain] .e.DevToolsPropertyDefaultsPostProcessor : Devtools property defaults active! Set 'spring.devtools.add-properties' to 'false' to disable
2024-04-27T10:51:36.394+05:30  INFO 24920 --- [feedIndia] [restartedMain] .e.DevToolsPropertyDefaultsPostProcessor : For additional web related logging consider setting the 'logging.level.web' property to 'DEBUG'
2024-04-27T10:51:37.594+05:30  INFO 24920 --- [feedIndia] [restartedMain] .s.d.r.c.RepositoryConfigurationDelegate : Bootstrapping Spring Data JPA repositories in DEFAULT mode.
2024-04-27T10:51:37.768+05:30  INFO 24920 --- [feedIndia] [restartedMain] .s.d.r.c.RepositoryConfigurationDelegate : Finished Spring Data repository scanning in 153 ms. Found 6 JPA repository interfaces.
2024-04-27T10:51:39.510+05:30  INFO 24920 --- [feedIndia] [restartedMain] o.s.b.w.embedded.tomcat.TomcatWebServer  : Tomcat initialized with port 8081 (http)
2024-04-27T10:51:39.534+05:30  INFO 24920 --- [feedIndia] [restartedMain] o.apache.catalina.core.StandardService   : Starting service [Tomcat]
2024-04-27T10:51:39.535+05:30  INFO 24920 --- [feedIndia] [restartedMain] o.apache.catalina.core.StandardEngine    : Starting Servlet engine: [Apache Tomcat/10.1.19]
2024-04-27T10:51:39.631+05:30  INFO 24920 --- [feedIndia] [restartedMain] o.a.c.c.C.[Tomcat].[localhost].[/]       : Initializing Spring embedded WebApplicationContext
2024-04-27T10:51:39.631+05:30  INFO 24920 --- [feedIndia] [restartedMain] w.s.c.ServletWebServerApplicationContext : Root WebApplicationContext: initialization completed in 3236 ms
2024-04-27T10:51:39.880+05:30  INFO 24920 --- [feedIndia] [restartedMain] o.hibernate.jpa.internal.util.LogHelper  : HHH000204: Processing PersistenceUnitInfo [name: default]
2024-04-27T10:51:40.025+05:30  INFO 24920 --- [feedIndia] [restartedMain] org.hibernate.Version                    : HHH000412: Hibernate ORM core version 6.4.4.Final
2024-04-27T10:51:40.107+05:30  INFO 24920 --- [feedIndia] [restartedMain] o.h.c.internal.RegionFactoryInitiator    : HHH000026: Second-level cache disabled
2024-04-27T10:51:40.529+05:30  INFO 24920 --- [feedIndia] [restartedMain] o.s.o.j.p.SpringPersistenceUnitInfo      : No LoadTimeWeaver setup: ignoring JPA class transformer
2024-04-27T10:51:40.589+05:30  INFO 24920 --- [feedIndia] [restartedMain] com.zaxxer.hikari.HikariDataSource       : HikariPool-1 - Starting...
2024-04-27T10:51:41.072+05:30  INFO 24920 --- [feedIndia] [restartedMain] com.zaxxer.hikari.pool.HikariPool        : HikariPool-1 - Added connection com.mysql.cj.jdbc.ConnectionImpl@534947c0
2024-04-27T10:51:41.077+05:30  INFO 24920 --- [feedIndia] [restartedMain] com.zaxxer.hikari.HikariDataSource       : HikariPool-1 - Start completed.
2024-04-27T10:51:42.635+05:30  INFO 24920 --- [feedIndia] [restartedMain] o.h.e.t.j.p.i.JtaPlatformInitiator       : HHH000489: No JTA platform available (set 'hibernate.transaction.jta.platform' to enable JTA platform integration)
2024-04-27T10:51:42.731+05:30  INFO 24920 --- [feedIndia] [restartedMain] j.LocalContainerEntityManagerFactoryBean : Initialized JPA EntityManagerFactory for persistence unit 'default'
2024-04-27T10:51:43.388+05:30 DEBUG 24920 --- [feedIndia] [restartedMain] c.c.f.s.jwt.JwtAuthenticationFilter      : Filter 'jwtAuthenticationFilter' configured for use
2024-04-27T10:51:43.505+05:30  INFO 24920 --- [feedIndia] [restartedMain] o.s.d.j.r.query.QueryEnhancerFactory     : Hibernate is in classpath; If applicable, HQL parser will be used.
2024-04-27T10:51:44.343+05:30  WARN 24920 --- [feedIndia] [restartedMain] JpaBaseConfiguration$JpaWebConfiguration : spring.jpa.open-in-view is enabled by default. Therefore, database queries may be performed during view rendering. Explicitly configure spring.jpa.open-in-view to disable this warning
2024-04-27T10:51:44.637+05:30 DEBUG 24920 --- [feedIndia] [restartedMain] s.w.s.m.m.a.RequestMappingHandlerMapping : 49 mappings in 'requestMappingHandlerMapping'
2024-04-27T10:51:44.769+05:30 DEBUG 24920 --- [feedIndia] [restartedMain] o.s.w.s.handler.SimpleUrlHandlerMapping  : Patterns [/webjars/**, /**] in 'resourceHandlerMapping'
2024-04-27T10:51:44.837+05:30  INFO 24920 --- [feedIndia] [restartedMain] o.s.s.web.DefaultSecurityFilterChain     : Will secure any request with [org.springframework.security.web.session.DisableEncodeUrlFilter@3199dcc0, org.springframework.security.web.context.request.async.WebAsyncManagerIntegrationFilter@5487bfc4, org.springframework.security.web.context.SecurityContextHolderFilter@1e33aed2, org.springframework.security.web.header.HeaderWriterFilter@404dfbe1, org.springframework.web.filter.CorsFilter@394fc0dd, org.springframework.security.web.authentication.logout.LogoutFilter@2dd50ac1, com.cts.feedIndia.security.jwt.JwtAuthenticationFilter@558b2fb2, org.springframework.security.web.savedrequest.RequestCacheAwareFilter@528a4abf, org.springframework.security.web.servletapi.SecurityContextHolderAwareRequestFilter@7864ea11, org.springframework.security.web.authentication.AnonymousAuthenticationFilter@444d6436, org.springframework.security.web.session.SessionManagementFilter@3408fbce, org.springframework.security.web.access.ExceptionTranslationFilter@5c54c561, org.springframework.security.web.access.intercept.AuthorizationFilter@134ed6a9]
2024-04-27T10:51:44.995+05:30 DEBUG 24920 --- [feedIndia] [restartedMain] s.w.s.m.m.a.RequestMappingHandlerAdapter : ControllerAdvice beans: 0 @ModelAttribute, 0 @InitBinder, 1 RequestBodyAdvice, 1 ResponseBodyAdvice
2024-04-27T10:51:45.064+05:30 DEBUG 24920 --- [feedIndia] [restartedMain] .m.m.a.ExceptionHandlerExceptionResolver : ControllerAdvice beans: 1 @ExceptionHandler, 1 ResponseBodyAdvice
2024-04-27T10:51:45.326+05:30  INFO 24920 --- [feedIndia] [restartedMain] o.s.b.d.a.OptionalLiveReloadServer       : LiveReload server is running on port 35729
2024-04-27T10:51:45.399+05:30  INFO 24920 --- [feedIndia] [restartedMain] o.s.b.w.embedded.tomcat.TomcatWebServer  : Tomcat started on port 8081 (http) with context path ''
2024-04-27T10:51:45.409+05:30  INFO 24920 --- [feedIndia] [restartedMain] com.cts.feedIndia.FeedIndiaApplication   : Started FeedIndiaApplication in 9.73 seconds (process running for 10.431)
2024-04-27T10:53:53.536+05:30  INFO 24920 --- [feedIndia] [http-nio-8081-exec-1] o.a.c.c.C.[Tomcat].[localhost].[/]       : Initializing Spring DispatcherServlet 'dispatcherServlet'
2024-04-27T10:53:53.537+05:30  INFO 24920 --- [feedIndia] [http-nio-8081-exec-1] o.s.web.servlet.DispatcherServlet        : Initializing Servlet 'dispatcherServlet'
2024-04-27T10:53:53.538+05:30 DEBUG 24920 --- [feedIndia] [http-nio-8081-exec-1] o.s.web.servlet.DispatcherServlet        : Detected StandardServletMultipartResolver
2024-04-27T10:53:53.538+05:30 DEBUG 24920 --- [feedIndia] [http-nio-8081-exec-1] o.s.web.servlet.DispatcherServlet        : Detected AcceptHeaderLocaleResolver
2024-04-27T10:53:53.538+05:30 DEBUG 24920 --- [feedIndia] [http-nio-8081-exec-1] o.s.web.servlet.DispatcherServlet        : Detected FixedThemeResolver
2024-04-27T10:53:53.539+05:30 DEBUG 24920 --- [feedIndia] [http-nio-8081-exec-1] o.s.web.servlet.DispatcherServlet        : Detected org.springframework.web.servlet.view.DefaultRequestToViewNameTranslator@1e565a17
2024-04-27T10:53:53.539+05:30 DEBUG 24920 --- [feedIndia] [http-nio-8081-exec-1] o.s.web.servlet.DispatcherServlet        : Detected org.springframework.web.servlet.support.SessionFlashMapManager@27bb3084
2024-04-27T10:53:53.540+05:30 DEBUG 24920 --- [feedIndia] [http-nio-8081-exec-1] o.s.web.servlet.DispatcherServlet        : enableLoggingRequestDetails='false': request parameters and headers will be masked to prevent unsafe logging of potentially sensitive data
2024-04-27T10:53:53.540+05:30  INFO 24920 --- [feedIndia] [http-nio-8081-exec-1] o.s.web.servlet.DispatcherServlet        : Completed initialization in 3 ms
2024-04-27T10:54:06.089+05:30 DEBUG 24920 --- [feedIndia] [http-nio-8081-exec-3] o.s.web.servlet.DispatcherServlet        : POST "/v1/api/login", parameters={}
2024-04-27T10:54:06.090+05:30 DEBUG 24920 --- [feedIndia] [http-nio-8081-exec-3] s.w.s.m.m.a.RequestMappingHandlerMapping : Mapped to com.cts.feedIndia.controller.LoginLogoutController#login(AuthenticationRequest, HttpServletResponse)
2024-04-27T10:54:06.154+05:30 DEBUG 24920 --- [feedIndia] [http-nio-8081-exec-3] m.m.a.RequestResponseBodyMethodProcessor : Read "application/json;charset=UTF-8" to [com.cts.feedIndia.security.AuthenticationRequest@7fa36d65]
2024-04-27T10:55:22.945+05:30  INFO 14056 --- [feedIndia] [restartedMain] com.cts.feedIndia.FeedIndiaApplication   : Starting FeedIndiaApplication using Java 17.0.2 with PID 14056 (C:\Users\2322550\OneDrive - Cognizant\Desktop\feedIndia-final\feedIndia-final\target\classes started by 2322550 in C:\Users\2322550\OneDrive - Cognizant\Desktop\feedIndia-final\feedIndia-final)
2024-04-27T10:55:22.948+05:30 DEBUG 14056 --- [feedIndia] [restartedMain] com.cts.feedIndia.FeedIndiaApplication   : Running with Spring Boot v3.2.3, Spring v6.1.4
2024-04-27T10:55:22.949+05:30  INFO 14056 --- [feedIndia] [restartedMain] com.cts.feedIndia.FeedIndiaApplication   : No active profile set, falling back to 1 default profile: "default"
2024-04-27T10:55:23.013+05:30  INFO 14056 --- [feedIndia] [restartedMain] .e.DevToolsPropertyDefaultsPostProcessor : Devtools property defaults active! Set 'spring.devtools.add-properties' to 'false' to disable
2024-04-27T10:55:23.014+05:30  INFO 14056 --- [feedIndia] [restartedMain] .e.DevToolsPropertyDefaultsPostProcessor : For additional web related logging consider setting the 'logging.level.web' property to 'DEBUG'
2024-04-27T10:55:23.611+05:30  INFO 14056 --- [feedIndia] [restartedMain] .s.d.r.c.RepositoryConfigurationDelegate : Bootstrapping Spring Data JPA repositories in DEFAULT mode.
2024-04-27T10:55:23.717+05:30  INFO 14056 --- [feedIndia] [restartedMain] .s.d.r.c.RepositoryConfigurationDelegate : Finished Spring Data repository scanning in 96 ms. Found 6 JPA repository interfaces.
2024-04-27T10:55:24.684+05:30  INFO 14056 --- [feedIndia] [restartedMain] o.s.b.w.embedded.tomcat.TomcatWebServer  : Tomcat initialized with port 8081 (http)
2024-04-27T10:55:24.707+05:30  INFO 14056 --- [feedIndia] [restartedMain] o.apache.catalina.core.StandardService   : Starting service [Tomcat]
2024-04-27T10:55:24.707+05:30  INFO 14056 --- [feedIndia] [restartedMain] o.apache.catalina.core.StandardEngine    : Starting Servlet engine: [Apache Tomcat/10.1.19]
2024-04-27T10:55:24.792+05:30  INFO 14056 --- [feedIndia] [restartedMain] o.a.c.c.C.[Tomcat].[localhost].[/]       : Initializing Spring embedded WebApplicationContext
2024-04-27T10:55:24.793+05:30  INFO 14056 --- [feedIndia] [restartedMain] w.s.c.ServletWebServerApplicationContext : Root WebApplicationContext: initialization completed in 1779 ms
2024-04-27T10:55:24.991+05:30  INFO 14056 --- [feedIndia] [restartedMain] o.hibernate.jpa.internal.util.LogHelper  : HHH000204: Processing PersistenceUnitInfo [name: default]
2024-04-27T10:55:25.090+05:30  INFO 14056 --- [feedIndia] [restartedMain] org.hibernate.Version                    : HHH000412: Hibernate ORM core version 6.4.4.Final
2024-04-27T10:55:25.143+05:30  INFO 14056 --- [feedIndia] [restartedMain] o.h.c.internal.RegionFactoryInitiator    : HHH000026: Second-level cache disabled
2024-04-27T10:55:25.345+05:30  INFO 14056 --- [feedIndia] [restartedMain] o.s.o.j.p.SpringPersistenceUnitInfo      : No LoadTimeWeaver setup: ignoring JPA class transformer
2024-04-27T10:55:25.373+05:30  INFO 14056 --- [feedIndia] [restartedMain] com.zaxxer.hikari.HikariDataSource       : HikariPool-1 - Starting...
2024-04-27T10:55:25.665+05:30  INFO 14056 --- [feedIndia] [restartedMain] com.zaxxer.hikari.pool.HikariPool        : HikariPool-1 - Added connection com.mysql.cj.jdbc.ConnectionImpl@5eb9e64
2024-04-27T10:55:25.669+05:30  INFO 14056 --- [feedIndia] [restartedMain] com.zaxxer.hikari.HikariDataSource       : HikariPool-1 - Start completed.
2024-04-27T10:55:26.640+05:30  INFO 14056 --- [feedIndia] [restartedMain] o.h.e.t.j.p.i.JtaPlatformInitiator       : HHH000489: No JTA platform available (set 'hibernate.transaction.jta.platform' to enable JTA platform integration)
2024-04-27T10:55:26.721+05:30  INFO 14056 --- [feedIndia] [restartedMain] j.LocalContainerEntityManagerFactoryBean : Initialized JPA EntityManagerFactory for persistence unit 'default'
2024-04-27T10:55:27.214+05:30 DEBUG 14056 --- [feedIndia] [restartedMain] c.c.f.s.jwt.JwtAuthenticationFilter      : Filter 'jwtAuthenticationFilter' configured for use
2024-04-27T10:55:27.320+05:30  INFO 14056 --- [feedIndia] [restartedMain] o.s.d.j.r.query.QueryEnhancerFactory     : Hibernate is in classpath; If applicable, HQL parser will be used.
2024-04-27T10:55:27.984+05:30  WARN 14056 --- [feedIndia] [restartedMain] JpaBaseConfiguration$JpaWebConfiguration : spring.jpa.open-in-view is enabled by default. Therefore, database queries may be performed during view rendering. Explicitly configure spring.jpa.open-in-view to disable this warning
2024-04-27T10:55:28.224+05:30 DEBUG 14056 --- [feedIndia] [restartedMain] s.w.s.m.m.a.RequestMappingHandlerMapping : 49 mappings in 'requestMappingHandlerMapping'
2024-04-27T10:55:28.360+05:30 DEBUG 14056 --- [feedIndia] [restartedMain] o.s.w.s.handler.SimpleUrlHandlerMapping  : Patterns [/webjars/**, /**] in 'resourceHandlerMapping'
2024-04-27T10:55:28.430+05:30  INFO 14056 --- [feedIndia] [restartedMain] o.s.s.web.DefaultSecurityFilterChain     : Will secure any request with [org.springframework.security.web.session.DisableEncodeUrlFilter@6d03637d, org.springframework.security.web.context.request.async.WebAsyncManagerIntegrationFilter@4bccac0f, org.springframework.security.web.context.SecurityContextHolderFilter@41e3be4a, org.springframework.security.web.header.HeaderWriterFilter@3a9510b6, org.springframework.web.filter.CorsFilter@7457e8a7, org.springframework.security.web.authentication.logout.LogoutFilter@7b6fbb06, com.cts.feedIndia.security.jwt.JwtAuthenticationFilter@1a4392b6, org.springframework.security.web.savedrequest.RequestCacheAwareFilter@59623d80, org.springframework.security.web.servletapi.SecurityContextHolderAwareRequestFilter@191991d0, org.springframework.security.web.authentication.AnonymousAuthenticationFilter@7abc705a, org.springframework.security.web.session.SessionManagementFilter@2af6d92b, org.springframework.security.web.access.ExceptionTranslationFilter@7c40ddf2, org.springframework.security.web.access.intercept.AuthorizationFilter@11f6e3f9]
2024-04-27T10:55:28.568+05:30 DEBUG 14056 --- [feedIndia] [restartedMain] s.w.s.m.m.a.RequestMappingHandlerAdapter : ControllerAdvice beans: 0 @ModelAttribute, 0 @InitBinder, 1 RequestBodyAdvice, 1 ResponseBodyAdvice
2024-04-27T10:55:28.634+05:30 DEBUG 14056 --- [feedIndia] [restartedMain] .m.m.a.ExceptionHandlerExceptionResolver : ControllerAdvice beans: 1 @ExceptionHandler, 1 ResponseBodyAdvice
2024-04-27T10:55:28.858+05:30  INFO 14056 --- [feedIndia] [restartedMain] o.s.b.d.a.OptionalLiveReloadServer       : LiveReload server is running on port 35729
2024-04-27T10:55:28.935+05:30  INFO 14056 --- [feedIndia] [restartedMain] o.s.b.w.embedded.tomcat.TomcatWebServer  : Tomcat started on port 8081 (http) with context path ''
2024-04-27T10:55:28.950+05:30  INFO 14056 --- [feedIndia] [restartedMain] com.cts.feedIndia.FeedIndiaApplication   : Started FeedIndiaApplication in 6.405 seconds (process running for 6.828)
2024-04-27T11:26:48.891+05:30  WARN 14056 --- [feedIndia] [HikariPool-1 housekeeper] com.zaxxer.hikari.pool.HikariPool        : HikariPool-1 - Thread starvation or clock leap detected (housekeeper delta=1m52s606ms310µs500ns).
2024-04-27T11:26:49.838+05:30  INFO 14056 --- [feedIndia] [http-nio-8081-exec-1] o.a.c.c.C.[Tomcat].[localhost].[/]       : Initializing Spring DispatcherServlet 'dispatcherServlet'
2024-04-27T11:26:49.838+05:30  INFO 14056 --- [feedIndia] [http-nio-8081-exec-1] o.s.web.servlet.DispatcherServlet        : Initializing Servlet 'dispatcherServlet'
2024-04-27T11:26:49.839+05:30 DEBUG 14056 --- [feedIndia] [http-nio-8081-exec-1] o.s.web.servlet.DispatcherServlet        : Detected StandardServletMultipartResolver
2024-04-27T11:26:49.839+05:30 DEBUG 14056 --- [feedIndia] [http-nio-8081-exec-1] o.s.web.servlet.DispatcherServlet        : Detected AcceptHeaderLocaleResolver
2024-04-27T11:26:49.839+05:30 DEBUG 14056 --- [feedIndia] [http-nio-8081-exec-1] o.s.web.servlet.DispatcherServlet        : Detected FixedThemeResolver
2024-04-27T11:26:49.842+05:30 DEBUG 14056 --- [feedIndia] [http-nio-8081-exec-1] o.s.web.servlet.DispatcherServlet        : Detected org.springframework.web.servlet.view.DefaultRequestToViewNameTranslator@3487121c
2024-04-27T11:26:49.843+05:30 DEBUG 14056 --- [feedIndia] [http-nio-8081-exec-1] o.s.web.servlet.DispatcherServlet        : Detected org.springframework.web.servlet.support.SessionFlashMapManager@1fe588a3
2024-04-27T11:26:49.844+05:30 DEBUG 14056 --- [feedIndia] [http-nio-8081-exec-1] o.s.web.servlet.DispatcherServlet        : enableLoggingRequestDetails='false': request parameters and headers will be masked to prevent unsafe logging of potentially sensitive data
2024-04-27T11:26:49.844+05:30  INFO 14056 --- [feedIndia] [http-nio-8081-exec-1] o.s.web.servlet.DispatcherServlet        : Completed initialization in 6 ms
2024-04-27T11:54:59.874+05:30  INFO 3216 --- [feedIndia] [restartedMain] com.cts.feedIndia.FeedIndiaApplication   : Starting FeedIndiaApplication using Java 17.0.2 with PID 3216 (C:\Users\2322550\OneDrive - Cognizant\Desktop\feedIndia-final\feedIndia-final\target\classes started by 2322550 in C:\Users\2322550\OneDrive - Cognizant\Desktop\feedIndia-final\feedIndia-final)
2024-04-27T11:54:59.877+05:30 DEBUG 3216 --- [feedIndia] [restartedMain] com.cts.feedIndia.FeedIndiaApplication   : Running with Spring Boot v3.2.3, Spring v6.1.4
2024-04-27T11:54:59.878+05:30  INFO 3216 --- [feedIndia] [restartedMain] com.cts.feedIndia.FeedIndiaApplication   : No active profile set, falling back to 1 default profile: "default"
2024-04-27T11:54:59.962+05:30  INFO 3216 --- [feedIndia] [restartedMain] .e.DevToolsPropertyDefaultsPostProcessor : Devtools property defaults active! Set 'spring.devtools.add-properties' to 'false' to disable
2024-04-27T11:54:59.962+05:30  INFO 3216 --- [feedIndia] [restartedMain] .e.DevToolsPropertyDefaultsPostProcessor : For additional web related logging consider setting the 'logging.level.web' property to 'DEBUG'
2024-04-27T11:55:00.804+05:30  INFO 3216 --- [feedIndia] [restartedMain] .s.d.r.c.RepositoryConfigurationDelegate : Bootstrapping Spring Data JPA repositories in DEFAULT mode.
2024-04-27T11:55:00.972+05:30  INFO 3216 --- [feedIndia] [restartedMain] .s.d.r.c.RepositoryConfigurationDelegate : Finished Spring Data repository scanning in 156 ms. Found 6 JPA repository interfaces.
2024-04-27T11:55:02.488+05:30  INFO 3216 --- [feedIndia] [restartedMain] o.s.b.w.embedded.tomcat.TomcatWebServer  : Tomcat initialized with port 8081 (http)
2024-04-27T11:55:02.502+05:30  INFO 3216 --- [feedIndia] [restartedMain] o.apache.catalina.core.StandardService   : Starting service [Tomcat]
2024-04-27T11:55:02.502+05:30  INFO 3216 --- [feedIndia] [restartedMain] o.apache.catalina.core.StandardEngine    : Starting Servlet engine: [Apache Tomcat/10.1.19]
2024-04-27T11:55:02.585+05:30  INFO 3216 --- [feedIndia] [restartedMain] o.a.c.c.C.[Tomcat].[localhost].[/]       : Initializing Spring embedded WebApplicationContext
2024-04-27T11:55:02.586+05:30  INFO 3216 --- [feedIndia] [restartedMain] w.s.c.ServletWebServerApplicationContext : Root WebApplicationContext: initialization completed in 2622 ms
2024-04-27T11:55:02.852+05:30  INFO 3216 --- [feedIndia] [restartedMain] o.hibernate.jpa.internal.util.LogHelper  : HHH000204: Processing PersistenceUnitInfo [name: default]
2024-04-27T11:55:03.006+05:30  INFO 3216 --- [feedIndia] [restartedMain] org.hibernate.Version                    : HHH000412: Hibernate ORM core version 6.4.4.Final
2024-04-27T11:55:03.084+05:30  INFO 3216 --- [feedIndia] [restartedMain] o.h.c.internal.RegionFactoryInitiator    : HHH000026: Second-level cache disabled
2024-04-27T11:55:03.367+05:30  INFO 3216 --- [feedIndia] [restartedMain] o.s.o.j.p.SpringPersistenceUnitInfo      : No LoadTimeWeaver setup: ignoring JPA class transformer
2024-04-27T11:55:03.404+05:30  INFO 3216 --- [feedIndia] [restartedMain] com.zaxxer.hikari.HikariDataSource       : HikariPool-1 - Starting...
2024-04-27T11:55:03.817+05:30  INFO 3216 --- [feedIndia] [restartedMain] com.zaxxer.hikari.pool.HikariPool        : HikariPool-1 - Added connection com.mysql.cj.jdbc.ConnectionImpl@60a5738e
2024-04-27T11:55:03.820+05:30  INFO 3216 --- [feedIndia] [restartedMain] com.zaxxer.hikari.HikariDataSource       : HikariPool-1 - Start completed.
2024-04-27T12:03:08.366+05:30  INFO 23948 --- [feedIndia] [restartedMain] com.cts.feedIndia.FeedIndiaApplication   : Starting FeedIndiaApplication using Java 17.0.2 with PID 23948 (C:\Users\2322550\OneDrive - Cognizant\Desktop\feedIndia-final\feedIndia-final\target\classes started by 2322550 in C:\Users\2322550\OneDrive - Cognizant\Desktop\feedIndia-final\feedIndia-final)
2024-04-27T12:03:08.369+05:30 DEBUG 23948 --- [feedIndia] [restartedMain] com.cts.feedIndia.FeedIndiaApplication   : Running with Spring Boot v3.2.3, Spring v6.1.4
2024-04-27T12:03:08.371+05:30  INFO 23948 --- [feedIndia] [restartedMain] com.cts.feedIndia.FeedIndiaApplication   : No active profile set, falling back to 1 default profile: "default"
2024-04-27T12:03:08.487+05:30  INFO 23948 --- [feedIndia] [restartedMain] .e.DevToolsPropertyDefaultsPostProcessor : Devtools property defaults active! Set 'spring.devtools.add-properties' to 'false' to disable
2024-04-27T12:03:08.487+05:30  INFO 23948 --- [feedIndia] [restartedMain] .e.DevToolsPropertyDefaultsPostProcessor : For additional web related logging consider setting the 'logging.level.web' property to 'DEBUG'
2024-04-27T12:03:09.328+05:30  INFO 23948 --- [feedIndia] [restartedMain] .s.d.r.c.RepositoryConfigurationDelegate : Bootstrapping Spring Data JPA repositories in DEFAULT mode.
2024-04-27T12:03:09.500+05:30  INFO 23948 --- [feedIndia] [restartedMain] .s.d.r.c.RepositoryConfigurationDelegate : Finished Spring Data repository scanning in 161 ms. Found 6 JPA repository interfaces.
2024-04-27T12:03:10.789+05:30  INFO 23948 --- [feedIndia] [restartedMain] o.s.b.w.embedded.tomcat.TomcatWebServer  : Tomcat initialized with port 8081 (http)
2024-04-27T12:03:10.819+05:30  INFO 23948 --- [feedIndia] [restartedMain] o.apache.catalina.core.StandardService   : Starting service [Tomcat]
2024-04-27T12:03:10.820+05:30  INFO 23948 --- [feedIndia] [restartedMain] o.apache.catalina.core.StandardEngine    : Starting Servlet engine: [Apache Tomcat/10.1.19]
2024-04-27T12:03:10.901+05:30  INFO 23948 --- [feedIndia] [restartedMain] o.a.c.c.C.[Tomcat].[localhost].[/]       : Initializing Spring embedded WebApplicationContext
2024-04-27T12:03:10.901+05:30  INFO 23948 --- [feedIndia] [restartedMain] w.s.c.ServletWebServerApplicationContext : Root WebApplicationContext: initialization completed in 2413 ms
2024-04-27T12:03:11.163+05:30  INFO 23948 --- [feedIndia] [restartedMain] o.hibernate.jpa.internal.util.LogHelper  : HHH000204: Processing PersistenceUnitInfo [name: default]
2024-04-27T12:03:11.283+05:30  INFO 23948 --- [feedIndia] [restartedMain] org.hibernate.Version                    : HHH000412: Hibernate ORM core version 6.4.4.Final
2024-04-27T12:03:11.357+05:30  INFO 23948 --- [feedIndia] [restartedMain] o.h.c.internal.RegionFactoryInitiator    : HHH000026: Second-level cache disabled
2024-04-27T12:03:11.609+05:30  INFO 23948 --- [feedIndia] [restartedMain] o.s.o.j.p.SpringPersistenceUnitInfo      : No LoadTimeWeaver setup: ignoring JPA class transformer
2024-04-27T12:03:11.639+05:30  INFO 23948 --- [feedIndia] [restartedMain] com.zaxxer.hikari.HikariDataSource       : HikariPool-1 - Starting...
2024-04-27T12:03:12.011+05:30  INFO 23948 --- [feedIndia] [restartedMain] com.zaxxer.hikari.pool.HikariPool        : HikariPool-1 - Added connection com.mysql.cj.jdbc.ConnectionImpl@609f0c8c
2024-04-27T12:03:12.013+05:30  INFO 23948 --- [feedIndia] [restartedMain] com.zaxxer.hikari.HikariDataSource       : HikariPool-1 - Start completed.
2024-04-27T12:03:13.552+05:30  INFO 23948 --- [feedIndia] [restartedMain] o.h.e.t.j.p.i.JtaPlatformInitiator       : HHH000489: No JTA platform available (set 'hibernate.transaction.jta.platform' to enable JTA platform integration)
2024-04-27T12:03:13.710+05:30  INFO 23948 --- [feedIndia] [restartedMain] j.LocalContainerEntityManagerFactoryBean : Initialized JPA EntityManagerFactory for persistence unit 'default'
2024-04-27T12:03:14.427+05:30 DEBUG 23948 --- [feedIndia] [restartedMain] c.c.f.s.jwt.JwtAuthenticationFilter      : Filter 'jwtAuthenticationFilter' configured for use
2024-04-27T12:03:14.536+05:30  INFO 23948 --- [feedIndia] [restartedMain] o.s.d.j.r.query.QueryEnhancerFactory     : Hibernate is in classpath; If applicable, HQL parser will be used.
2024-04-27T12:03:15.366+05:30  WARN 23948 --- [feedIndia] [restartedMain] JpaBaseConfiguration$JpaWebConfiguration : spring.jpa.open-in-view is enabled by default. Therefore, database queries may be performed during view rendering. Explicitly configure spring.jpa.open-in-view to disable this warning
2024-04-27T12:03:15.709+05:30 DEBUG 23948 --- [feedIndia] [restartedMain] s.w.s.m.m.a.RequestMappingHandlerMapping : 49 mappings in 'requestMappingHandlerMapping'
2024-04-27T12:03:15.867+05:30 DEBUG 23948 --- [feedIndia] [restartedMain] o.s.w.s.handler.SimpleUrlHandlerMapping  : Patterns [/webjars/**, /**] in 'resourceHandlerMapping'
2024-04-27T12:03:15.954+05:30  INFO 23948 --- [feedIndia] [restartedMain] o.s.s.web.DefaultSecurityFilterChain     : Will secure any request with [org.springframework.security.web.session.DisableEncodeUrlFilter@15b0828b, org.springframework.security.web.context.request.async.WebAsyncManagerIntegrationFilter@421d1653, org.springframework.security.web.context.SecurityContextHolderFilter@bba750d, org.springframework.security.web.header.HeaderWriterFilter@313a2a49, org.springframework.web.filter.CorsFilter@29ee8684, org.springframework.security.web.authentication.logout.LogoutFilter@2c2c59eb, com.cts.feedIndia.security.jwt.JwtAuthenticationFilter@4a3fc0ea, org.springframework.security.web.savedrequest.RequestCacheAwareFilter@f371dcd, org.springframework.security.web.servletapi.SecurityContextHolderAwareRequestFilter@50955296, org.springframework.security.web.authentication.AnonymousAuthenticationFilter@5950cb7d, org.springframework.security.web.session.SessionManagementFilter@70bd62bd, org.springframework.security.web.access.ExceptionTranslationFilter@1ce2bb06, org.springframework.security.web.access.intercept.AuthorizationFilter@41a7c02]
2024-04-27T12:03:16.145+05:30 DEBUG 23948 --- [feedIndia] [restartedMain] s.w.s.m.m.a.RequestMappingHandlerAdapter : ControllerAdvice beans: 0 @ModelAttribute, 0 @InitBinder, 1 RequestBodyAdvice, 1 ResponseBodyAdvice
2024-04-27T12:03:16.215+05:30 DEBUG 23948 --- [feedIndia] [restartedMain] .m.m.a.ExceptionHandlerExceptionResolver : ControllerAdvice beans: 1 @ExceptionHandler, 1 ResponseBodyAdvice
2024-04-27T12:03:16.493+05:30  WARN 23948 --- [feedIndia] [restartedMain] o.s.b.d.a.OptionalLiveReloadServer       : Unable to start LiveReload server
2024-04-27T12:03:16.532+05:30  WARN 23948 --- [feedIndia] [restartedMain] ConfigServletWebServerApplicationContext : Exception encountered during context initialization - cancelling refresh attempt: org.springframework.context.ApplicationContextException: Failed to start bean 'webServerStartStop'
2024-04-27T12:03:16.537+05:30  INFO 23948 --- [feedIndia] [restartedMain] j.LocalContainerEntityManagerFactoryBean : Closing JPA EntityManagerFactory for persistence unit 'default'
2024-04-27T12:03:16.547+05:30  INFO 23948 --- [feedIndia] [restartedMain] com.zaxxer.hikari.HikariDataSource       : HikariPool-1 - Shutdown initiated...
2024-04-27T12:03:16.565+05:30  INFO 23948 --- [feedIndia] [restartedMain] com.zaxxer.hikari.HikariDataSource       : HikariPool-1 - Shutdown completed.
2024-04-27T12:03:16.580+05:30  INFO 23948 --- [feedIndia] [restartedMain] .s.b.a.l.ConditionEvaluationReportLogger : 

Error starting ApplicationContext. To display the condition evaluation report re-run your application with 'debug' enabled.
2024-04-27T12:03:16.603+05:30 ERROR 23948 --- [feedIndia] [restartedMain] o.s.b.d.LoggingFailureAnalysisReporter   : 

***************************
APPLICATION FAILED TO START
***************************

Description:

Web server failed to start. Port 8081 was already in use.

Action:

Identify and stop the process that's listening on port 8081 or configure this application to listen on another port.

2024-04-27T12:03:34.182+05:30  INFO 5444 --- [feedIndia] [restartedMain] com.cts.feedIndia.FeedIndiaApplication   : Starting FeedIndiaApplication using Java 17.0.2 with PID 5444 (C:\Users\2322550\OneDrive - Cognizant\Desktop\feedIndia-final\feedIndia-final\target\classes started by 2322550 in C:\Users\2322550\OneDrive - Cognizant\Desktop\feedIndia-final\feedIndia-final)
2024-04-27T12:03:34.184+05:30 DEBUG 5444 --- [feedIndia] [restartedMain] com.cts.feedIndia.FeedIndiaApplication   : Running with Spring Boot v3.2.3, Spring v6.1.4
2024-04-27T12:03:34.185+05:30  INFO 5444 --- [feedIndia] [restartedMain] com.cts.feedIndia.FeedIndiaApplication   : No active profile set, falling back to 1 default profile: "default"
2024-04-27T12:03:34.278+05:30  INFO 5444 --- [feedIndia] [restartedMain] .e.DevToolsPropertyDefaultsPostProcessor : Devtools property defaults active! Set 'spring.devtools.add-properties' to 'false' to disable
2024-04-27T12:03:34.278+05:30  INFO 5444 --- [feedIndia] [restartedMain] .e.DevToolsPropertyDefaultsPostProcessor : For additional web related logging consider setting the 'logging.level.web' property to 'DEBUG'
2024-04-27T12:03:35.082+05:30  INFO 5444 --- [feedIndia] [restartedMain] .s.d.r.c.RepositoryConfigurationDelegate : Bootstrapping Spring Data JPA repositories in DEFAULT mode.
2024-04-27T12:03:35.209+05:30  INFO 5444 --- [feedIndia] [restartedMain] .s.d.r.c.RepositoryConfigurationDelegate : Finished Spring Data repository scanning in 120 ms. Found 6 JPA repository interfaces.
2024-04-27T12:03:36.932+05:30  INFO 5444 --- [feedIndia] [restartedMain] o.s.b.w.embedded.tomcat.TomcatWebServer  : Tomcat initialized with port 8081 (http)
2024-04-27T12:03:36.951+05:30  INFO 5444 --- [feedIndia] [restartedMain] o.apache.catalina.core.StandardService   : Starting service [Tomcat]
2024-04-27T12:03:36.951+05:30  INFO 5444 --- [feedIndia] [restartedMain] o.apache.catalina.core.StandardEngine    : Starting Servlet engine: [Apache Tomcat/10.1.19]
2024-04-27T12:03:37.076+05:30  INFO 5444 --- [feedIndia] [restartedMain] o.a.c.c.C.[Tomcat].[localhost].[/]       : Initializing Spring embedded WebApplicationContext
2024-04-27T12:03:37.078+05:30  INFO 5444 --- [feedIndia] [restartedMain] w.s.c.ServletWebServerApplicationContext : Root WebApplicationContext: initialization completed in 2798 ms
2024-04-27T12:03:37.380+05:30  INFO 5444 --- [feedIndia] [restartedMain] o.hibernate.jpa.internal.util.LogHelper  : HHH000204: Processing PersistenceUnitInfo [name: default]
2024-04-27T12:03:37.480+05:30  INFO 5444 --- [feedIndia] [restartedMain] org.hibernate.Version                    : HHH000412: Hibernate ORM core version 6.4.4.Final
2024-04-27T12:03:37.542+05:30  INFO 5444 --- [feedIndia] [restartedMain] o.h.c.internal.RegionFactoryInitiator    : HHH000026: Second-level cache disabled
2024-04-27T12:03:37.795+05:30  INFO 5444 --- [feedIndia] [restartedMain] o.s.o.j.p.SpringPersistenceUnitInfo      : No LoadTimeWeaver setup: ignoring JPA class transformer
2024-04-27T12:03:37.827+05:30  INFO 5444 --- [feedIndia] [restartedMain] com.zaxxer.hikari.HikariDataSource       : HikariPool-1 - Starting...
2024-04-27T12:03:38.235+05:30  INFO 5444 --- [feedIndia] [restartedMain] com.zaxxer.hikari.pool.HikariPool        : HikariPool-1 - Added connection com.mysql.cj.jdbc.ConnectionImpl@46ecca66
2024-04-27T12:03:38.241+05:30  INFO 5444 --- [feedIndia] [restartedMain] com.zaxxer.hikari.HikariDataSource       : HikariPool-1 - Start completed.
2024-04-27T12:03:39.618+05:30  INFO 5444 --- [feedIndia] [restartedMain] o.h.e.t.j.p.i.JtaPlatformInitiator       : HHH000489: No JTA platform available (set 'hibernate.transaction.jta.platform' to enable JTA platform integration)
2024-04-27T12:03:39.761+05:30  INFO 5444 --- [feedIndia] [restartedMain] j.LocalContainerEntityManagerFactoryBean : Initialized JPA EntityManagerFactory for persistence unit 'default'
2024-04-27T12:03:40.513+05:30 DEBUG 5444 --- [feedIndia] [restartedMain] c.c.f.s.jwt.JwtAuthenticationFilter      : Filter 'jwtAuthenticationFilter' configured for use
2024-04-27T12:03:40.672+05:30  INFO 5444 --- [feedIndia] [restartedMain] o.s.d.j.r.query.QueryEnhancerFactory     : Hibernate is in classpath; If applicable, HQL parser will be used.
2024-04-27T12:03:41.673+05:30  WARN 5444 --- [feedIndia] [restartedMain] JpaBaseConfiguration$JpaWebConfiguration : spring.jpa.open-in-view is enabled by default. Therefore, database queries may be performed during view rendering. Explicitly configure spring.jpa.open-in-view to disable this warning
2024-04-27T12:03:42.002+05:30 DEBUG 5444 --- [feedIndia] [restartedMain] s.w.s.m.m.a.RequestMappingHandlerMapping : 49 mappings in 'requestMappingHandlerMapping'
2024-04-27T12:03:42.160+05:30 DEBUG 5444 --- [feedIndia] [restartedMain] o.s.w.s.handler.SimpleUrlHandlerMapping  : Patterns [/webjars/**, /**] in 'resourceHandlerMapping'
2024-04-27T12:03:42.244+05:30  INFO 5444 --- [feedIndia] [restartedMain] o.s.s.web.DefaultSecurityFilterChain     : Will secure any request with [org.springframework.security.web.session.DisableEncodeUrlFilter@4bccac0f, org.springframework.security.web.context.request.async.WebAsyncManagerIntegrationFilter@7457e8a7, org.springframework.security.web.context.SecurityContextHolderFilter@5dc008dc, org.springframework.security.web.header.HeaderWriterFilter@43e23ec0, org.springframework.web.filter.CorsFilter@7abc705a, org.springframework.security.web.authentication.logout.LogoutFilter@e6a1890, com.cts.feedIndia.security.jwt.JwtAuthenticationFilter@9cadd8, org.springframework.security.web.savedrequest.RequestCacheAwareFilter@191991d0, org.springframework.security.web.servletapi.SecurityContextHolderAwareRequestFilter@45546d57, org.springframework.security.web.authentication.AnonymousAuthenticationFilter@cd2ecfb, org.springframework.security.web.session.SessionManagementFilter@2f65787c, org.springframework.security.web.access.ExceptionTranslationFilter@208fa730, org.springframework.security.web.access.intercept.AuthorizationFilter@7269a9b8]
2024-04-27T12:03:42.408+05:30 DEBUG 5444 --- [feedIndia] [restartedMain] s.w.s.m.m.a.RequestMappingHandlerAdapter : ControllerAdvice beans: 0 @ModelAttribute, 0 @InitBinder, 1 RequestBodyAdvice, 1 ResponseBodyAdvice
2024-04-27T12:03:42.483+05:30 DEBUG 5444 --- [feedIndia] [restartedMain] .m.m.a.ExceptionHandlerExceptionResolver : ControllerAdvice beans: 1 @ExceptionHandler, 1 ResponseBodyAdvice
2024-04-27T12:03:42.745+05:30  WARN 5444 --- [feedIndia] [restartedMain] o.s.b.d.a.OptionalLiveReloadServer       : Unable to start LiveReload server
2024-04-27T12:03:42.782+05:30  WARN 5444 --- [feedIndia] [restartedMain] ConfigServletWebServerApplicationContext : Exception encountered during context initialization - cancelling refresh attempt: org.springframework.context.ApplicationContextException: Failed to start bean 'webServerStartStop'
2024-04-27T12:03:42.786+05:30  INFO 5444 --- [feedIndia] [restartedMain] j.LocalContainerEntityManagerFactoryBean : Closing JPA EntityManagerFactory for persistence unit 'default'
2024-04-27T12:03:42.796+05:30  INFO 5444 --- [feedIndia] [restartedMain] com.zaxxer.hikari.HikariDataSource       : HikariPool-1 - Shutdown initiated...
2024-04-27T12:03:42.823+05:30  INFO 5444 --- [feedIndia] [restartedMain] com.zaxxer.hikari.HikariDataSource       : HikariPool-1 - Shutdown completed.
2024-04-27T12:03:42.855+05:30  INFO 5444 --- [feedIndia] [restartedMain] .s.b.a.l.ConditionEvaluationReportLogger : 

Error starting ApplicationContext. To display the condition evaluation report re-run your application with 'debug' enabled.
2024-04-27T12:03:42.909+05:30 ERROR 5444 --- [feedIndia] [restartedMain] o.s.b.d.LoggingFailureAnalysisReporter   : 

***************************
APPLICATION FAILED TO START
***************************

Description:

Web server failed to start. Port 8081 was already in use.

Action:

Identify and stop the process that's listening on port 8081 or configure this application to listen on another port.

2024-04-27T12:06:46.848+05:30  INFO 14056 --- [feedIndia] [http-nio-8081-exec-3] o.apache.coyote.http11.Http11Processor   : Error parsing HTTP request header
 Note: further occurrences of HTTP request parsing errors will be logged at DEBUG level.

java.lang.IllegalArgumentException: Invalid character found in method name [0x160x030x030x010xd60x010x000x010xd20x030x03N0xb40x17F0x8d_0xb5:0x0a0x9b0xd5$KB0x05O\R0x07Y0x1b/0x1cF0xb40xe90xe40xf5Q0x8b0xd70xcf0x000x01|0x000x000x000x010x000x020x000x030x000x040x000x050x000x060x000x070x000x080x000x090x000x0a0x000x0b0x000x0c0x000x0d0x000x0e0x000x0f0x000x100x000x110x000x120x000x130x000x140x000x150x000x160x000x170x000x180x000x190x000x1a0x000x1b0x00/0x0000x0010x0020x0030x0040x0050x0060x0070x0080x0090x00:0x00;0x00<0x00=0x00>0x00?0x00@0x00A0x00B0x00C0x00D0x00E0x00F0x00g0x00h0x00i0x00j0x00k0x00l0x00m0x000x840x000x850x000x860x000x870x000x880x000x890x000x960x000x970x000x980x000x990x000x9a0x000x9b0x000x9c0x000x9d0x000x9e0x000x9f0x000xa00x000xa10x000xa20x000xa30x000xa40x000xa50x000xa60x000xa70x000xba0x000xbb0x000xbc0x000xbd0x000xbe0x000xbf0x000xc00x000xc10x000xc20x000xc30x000xc40x000xc50x130x010x130x020x130x030x130x040x130x050xc00x010xc00x020xc00x030xc00x040xc00x050xc00x060xc00x070xc00x080xc00x090xc00x0a0xc00x0b0xc00x0c0xc00x0d0xc00x0e0xc00x0f0xc00x100xc00x110xc00x120xc00x130xc00x140xc00x150xc00x160xc00x170xc00x180xc00x190xc0#0xc0$0xc0%0xc0&0xc0'0xc0(0xc0)0xc0*0xc0+0xc0,0xc0-0xc0.0xc0/0xc000xc010xc020xc0r0xc0s0xc0t0xc0u0xc0v0xc0w0xc0x0xc0y0xc0z0xc0{0xc0|0xc0}0xc0~0xc00x7f0xc00x800xc00x810xc00x820xc00x830xc00x840xc00x850xc00x860xc00x870xc00x880xc00x890xc00x8a0xc00x8b0xc00x8c0xc00x8d0xc00x8e0xc00x8f0xc00x900xc00x910xc00x920xc00x930xc00x940xc00x950xc00x960xc00x970xc00x980xc00x990xc00x9a0xc00x9b0xcc0xa80xcc0xa90xcc0xaa0xcc0xab0xcc0xac0xcc0xad0xcc0xae0x020x000x010x00,0x000x0a0x000x0a0x000x080x000x170x000x190x000x180x000x160x000x0b0x000x040x030x000x010x020x000x0d0x000x120x000x100x040x030x080x040x040x010x050x030x050x010x080x050x080x060x060x01...]. HTTP method names must be tokens
	at org.apache.coyote.http11.Http11InputBuffer.parseRequestLine(Http11InputBuffer.java:407) ~[tomcat-embed-core-10.1.19.jar:10.1.19]
	at org.apache.coyote.http11.Http11Processor.service(Http11Processor.java:264) ~[tomcat-embed-core-10.1.19.jar:10.1.19]
	at org.apache.coyote.AbstractProcessorLight.process(AbstractProcessorLight.java:63) ~[tomcat-embed-core-10.1.19.jar:10.1.19]
	at org.apache.coyote.AbstractProtocol$ConnectionHandler.process(AbstractProtocol.java:896) ~[tomcat-embed-core-10.1.19.jar:10.1.19]
	at org.apache.tomcat.util.net.NioEndpoint$SocketProcessor.doRun(NioEndpoint.java:1744) ~[tomcat-embed-core-10.1.19.jar:10.1.19]
	at org.apache.tomcat.util.net.SocketProcessorBase.run(SocketProcessorBase.java:52) ~[tomcat-embed-core-10.1.19.jar:10.1.19]
	at org.apache.tomcat.util.threads.ThreadPoolExecutor.runWorker(ThreadPoolExecutor.java:1191) ~[tomcat-embed-core-10.1.19.jar:10.1.19]
	at org.apache.tomcat.util.threads.ThreadPoolExecutor$Worker.run(ThreadPoolExecutor.java:659) ~[tomcat-embed-core-10.1.19.jar:10.1.19]
	at org.apache.tomcat.util.threads.TaskThread$WrappingRunnable.run(TaskThread.java:63) ~[tomcat-embed-core-10.1.19.jar:10.1.19]
	at java.base/java.lang.Thread.run(Thread.java:833) ~[na:na]

2024-04-27T12:11:53.660+05:30 DEBUG 14056 --- [feedIndia] [http-nio-8081-exec-3] o.s.web.servlet.DispatcherServlet        : POST "/v1/api/login", parameters={}
2024-04-27T12:11:53.665+05:30 DEBUG 14056 --- [feedIndia] [http-nio-8081-exec-3] s.w.s.m.m.a.RequestMappingHandlerMapping : Mapped to com.cts.feedIndia.controller.LoginLogoutController#login(AuthenticationRequest, HttpServletResponse)
2024-04-27T12:11:53.790+05:30 DEBUG 14056 --- [feedIndia] [http-nio-8081-exec-3] m.m.a.RequestResponseBodyMethodProcessor : Read "application/json;charset=UTF-8" to [com.cts.feedIndia.security.AuthenticationRequest@15ddfb4f]
2024-04-27T12:11:54.134+05:30 DEBUG 14056 --- [feedIndia] [http-nio-8081-exec-3] o.s.w.s.m.m.a.HttpEntityMethodProcessor  : Using 'application/json', given [application/json, text/plain, */*] and supported [application/json, application/*+json]
2024-04-27T12:11:54.135+05:30 DEBUG 14056 --- [feedIndia] [http-nio-8081-exec-3] o.s.w.s.m.m.a.HttpEntityMethodProcessor  : Writing [UserDto(id=2, name=Shivam Saurabh, email=shivam@gmail.com, dob=2002-01-03, city=Chennai, verified=nu (truncated)...]
2024-04-27T12:11:54.141+05:30 DEBUG 14056 --- [feedIndia] [http-nio-8081-exec-3] o.s.web.servlet.DispatcherServlet        : Completed 200 OK
2024-04-27T12:11:56.738+05:30 DEBUG 14056 --- [feedIndia] [http-nio-8081-exec-4] o.s.web.servlet.DispatcherServlet        : GET "/v1/api/load/user", parameters={}
2024-04-27T12:11:56.739+05:30 DEBUG 14056 --- [feedIndia] [http-nio-8081-exec-4] s.w.s.m.m.a.RequestMappingHandlerMapping : Mapped to com.cts.feedIndia.controller.LoginLogoutController#loadUser(HttpServletRequest)
2024-04-27T12:11:56.754+05:30 DEBUG 14056 --- [feedIndia] [http-nio-8081-exec-4] o.s.w.s.m.m.a.HttpEntityMethodProcessor  : Using 'application/json', given [application/json, text/plain, */*] and supported [application/json, application/*+json]
2024-04-27T12:11:56.755+05:30 DEBUG 14056 --- [feedIndia] [http-nio-8081-exec-4] o.s.w.s.m.m.a.HttpEntityMethodProcessor  : Writing [User(id=2, name=Shivam Saurabh, email=shivam@gmail.com, password=$2a$10$CrRm8o/VzfrzJ4CXtkzaPu1AM1bf (truncated)...]
2024-04-27T12:11:56.758+05:30 DEBUG 14056 --- [feedIndia] [http-nio-8081-exec-4] o.s.web.servlet.DispatcherServlet        : Completed 200 OK
2024-04-27T12:20:38.997+05:30 DEBUG 14056 --- [feedIndia] [http-nio-8081-exec-7] o.s.web.servlet.DispatcherServlet        : GET "/v1/api/load/user", parameters={}
2024-04-27T12:20:38.999+05:30 DEBUG 14056 --- [feedIndia] [http-nio-8081-exec-7] s.w.s.m.m.a.RequestMappingHandlerMapping : Mapped to com.cts.feedIndia.controller.LoginLogoutController#loadUser(HttpServletRequest)
2024-04-27T12:20:39.008+05:30 DEBUG 14056 --- [feedIndia] [http-nio-8081-exec-7] o.s.w.s.m.m.a.HttpEntityMethodProcessor  : Using 'application/json', given [application/json, text/plain, */*] and supported [application/json, application/*+json]
2024-04-27T12:20:39.009+05:30 DEBUG 14056 --- [feedIndia] [http-nio-8081-exec-7] o.s.w.s.m.m.a.HttpEntityMethodProcessor  : Writing [User(id=2, name=Shivam Saurabh, email=shivam@gmail.com, password=$2a$10$CrRm8o/VzfrzJ4CXtkzaPu1AM1bf (truncated)...]
2024-04-27T12:20:39.010+05:30 DEBUG 14056 --- [feedIndia] [http-nio-8081-exec-7] o.s.web.servlet.DispatcherServlet        : Completed 200 OK
2024-04-27T12:20:42.008+05:30 DEBUG 14056 --- [feedIndia] [http-nio-8081-exec-8] o.s.web.servlet.DispatcherServlet        : GET "/v1/api/load/user", parameters={}
2024-04-27T12:20:42.008+05:30 DEBUG 14056 --- [feedIndia] [http-nio-8081-exec-8] s.w.s.m.m.a.RequestMappingHandlerMapping : Mapped to com.cts.feedIndia.controller.LoginLogoutController#loadUser(HttpServletRequest)
2024-04-27T12:20:42.013+05:30 DEBUG 14056 --- [feedIndia] [http-nio-8081-exec-8] o.s.w.s.m.m.a.HttpEntityMethodProcessor  : Using 'application/json', given [application/json, text/plain, */*] and supported [application/json, application/*+json]
2024-04-27T12:20:42.013+05:30 DEBUG 14056 --- [feedIndia] [http-nio-8081-exec-8] o.s.w.s.m.m.a.HttpEntityMethodProcessor  : Writing [User(id=2, name=Shivam Saurabh, email=shivam@gmail.com, password=$2a$10$CrRm8o/VzfrzJ4CXtkzaPu1AM1bf (truncated)...]
2024-04-27T12:20:42.014+05:30 DEBUG 14056 --- [feedIndia] [http-nio-8081-exec-8] o.s.web.servlet.DispatcherServlet        : Completed 200 OK
